<?xml version="1.0" encoding="UTF-8"?>
<!-- Generated by org.testng.reporters.JUnitReportReporter -->
<testsuite hostname="User-PC" failures="0" tests="1" name="MyFirstSeleniumProject.MyFirstSeleniumProject.Tests.AppTest" time="14.792" errors="0" timestamp="29 Dec 2019 10:13:34 GMT">
  <testcase classname="MyFirstSeleniumProject.MyFirstSeleniumProject.Tests.AppTest" name="ElementsPresence" time="14.792"/>
</testsuite> <!-- MyFirstSeleniumProject.MyFirstSeleniumProject.Tests.AppTest -->
